#-----------------------------------------------------------
# Vivado v2022.2 (64-bit)
# SW Build 3671981 on Fri Oct 14 05:00:03 MDT 2022
# IP Build 3669848 on Fri Oct 14 08:30:02 MDT 2022
# Start of session at: Mon Apr 17 11:47:01 2023
# Process ID: 14000
# Current directory: C:/Users/dange/OneDrive/Documents/University/EENG28010/EENG28010-Group-Project/Command Processor Synth
# Command line: vivado.exe -gui_launcher_event rodinguilauncherevent16436 C:\Users\dange\OneDrive\Documents\University\EENG28010\EENG28010-Group-Project\Command Processor Synth\cmdProcSynth.xpr
# Log file: C:/Users/dange/OneDrive/Documents/University/EENG28010/EENG28010-Group-Project/Command Processor Synth/vivado.log
# Journal file: C:/Users/dange/OneDrive/Documents/University/EENG28010/EENG28010-Group-Project/Command Processor Synth\vivado.jou
# Running On: ANONYMOUS-SURFACE, OS: Windows, CPU Frequency: 1800 MHz, CPU Physical cores: 4, Host memory: 8502 MB
#-----------------------------------------------------------
start_gui
open_project {C:/Users/dange/OneDrive/Documents/University/EENG28010/EENG28010-Group-Project/Command Processor Synth/cmdProcSynth.xpr}
WARNING: [Board 49-26] cannot add Board Part xilinx.com:kc705:part0:1.6 available at C:/Xilinx/Vivado/2022.2/data/xhub/boards/XilinxBoardStore/boards/Xilinx/kc705/1.6/board.xml as part xc7k325tffg900-2 specified in board_part file is either invalid or not available
WARNING: [Board 49-26] cannot add Board Part xilinx.com:kcu105:part0:1.6 available at C:/Xilinx/Vivado/2022.2/data/xhub/boards/XilinxBoardStore/boards/Xilinx/kcu105/1.6/board.xml as part xcku040-ffva1156-2-e specified in board_part file is either invalid or not available
WARNING: [Board 49-26] cannot add Board Part xilinx.com:kcu105:part0:1.7 available at C:/Xilinx/Vivado/2022.2/data/xhub/boards/XilinxBoardStore/boards/Xilinx/kcu105/1.7/board.xml as part xcku040-ffva1156-2-e specified in board_part file is either invalid or not available
WARNING: [Board 49-26] cannot add Board Part xilinx.com:kcu1500:part0:1.2 available at C:/Xilinx/Vivado/2022.2/data/xhub/boards/XilinxBoardStore/boards/Xilinx/kcu1500/1.2/board.xml as part xcku115-flvb2104-2-e specified in board_part file is either invalid or not available
WARNING: [Board 49-26] cannot add Board Part xilinx.com:vc707:part0:1.4 available at C:/Xilinx/Vivado/2022.2/data/xhub/boards/XilinxBoardStore/boards/Xilinx/vc707/1.4/board.xml as part xc7vx485tffg1761-2 specified in board_part file is either invalid or not available
WARNING: [Board 49-26] cannot add Board Part xilinx.com:vc709:part0:1.8 available at C:/Xilinx/Vivado/2022.2/data/xhub/boards/XilinxBoardStore/boards/Xilinx/vc709/1.8/board.xml as part xc7vx690tffg1761-2 specified in board_part file is either invalid or not available
WARNING: [Board 49-26] cannot add Board Part xilinx.com:vck190:part0:2.2 available at C:/Xilinx/Vivado/2022.2/data/xhub/boards/XilinxBoardStore/boards/Xilinx/vck190/production/2.2/board.xml as part xcvc1902-vsva2197-2mp-e-s specified in board_part file is either invalid or not available
WARNING: [Board 49-26] cannot add Board Part xilinx.com:vck190:part0:3.0 available at C:/Xilinx/Vivado/2022.2/data/xhub/boards/XilinxBoardStore/boards/Xilinx/vck190/production/3.0/board.xml as part xcvc1902-vsva2197-2mp-e-s specified in board_part file is either invalid or not available
WARNING: [Board 49-26] cannot add Board Part xilinx.com:vck190:part0:3.1 available at C:/Xilinx/Vivado/2022.2/data/xhub/boards/XilinxBoardStore/boards/Xilinx/vck190/production/3.1/board.xml as part xcvc1902-vsva2197-2mp-e-s specified in board_part file is either invalid or not available
WARNING: [Board 49-26] cannot add Board Part xilinx.com:vck190_newl:part0:1.0 available at C:/Xilinx/Vivado/2022.2/data/xhub/boards/XilinxBoardStore/boards/Xilinx/vck190_newl/production/1.0/board.xml as part xcvc1902-vsva2197-2mp-e-s specified in board_part file is either invalid or not available
WARNING: [Board 49-26] cannot add Board Part xilinx.com:vcu108:part0:1.6 available at C:/Xilinx/Vivado/2022.2/data/xhub/boards/XilinxBoardStore/boards/Xilinx/vcu108/1.6/board.xml as part xcvu095-ffva2104-2-e specified in board_part file is either invalid or not available
WARNING: [Board 49-26] cannot add Board Part xilinx.com:vcu108:part0:1.7 available at C:/Xilinx/Vivado/2022.2/data/xhub/boards/XilinxBoardStore/boards/Xilinx/vcu108/1.7/board.xml as part xcvu095-ffva2104-2-e specified in board_part file is either invalid or not available
WARNING: [Board 49-26] cannot add Board Part xilinx.com:vcu110:part0:1.4 available at C:/Xilinx/Vivado/2022.2/data/xhub/boards/XilinxBoardStore/boards/Xilinx/vcu110/1.4/board.xml as part xcvu190-flgc2104-2-e specified in board_part file is either invalid or not available
WARNING: [Board 49-26] cannot add Board Part xilinx.com:vcu118:part0:2.0 available at C:/Xilinx/Vivado/2022.2/data/xhub/boards/XilinxBoardStore/boards/Xilinx/vcu118/2.0/board.xml as part xcvu9p-flga2104-2l-e specified in board_part file is either invalid or not available
WARNING: [Board 49-26] cannot add Board Part xilinx.com:vcu118:part0:2.3 available at C:/Xilinx/Vivado/2022.2/data/xhub/boards/XilinxBoardStore/boards/Xilinx/vcu118/2.3/board.xml as part xcvu9p-flga2104-2l-e specified in board_part file is either invalid or not available
WARNING: [Board 49-26] cannot add Board Part xilinx.com:vcu118:part0:2.4 available at C:/Xilinx/Vivado/2022.2/data/xhub/boards/XilinxBoardStore/boards/Xilinx/vcu118/2.4/board.xml as part xcvu9p-flga2104-2l-e specified in board_part file is either invalid or not available
WARNING: [Board 49-26] cannot add Board Part xilinx.com:vcu128:part0:1.0 available at C:/Xilinx/Vivado/2022.2/data/xhub/boards/XilinxBoardStore/boards/Xilinx/vcu128/production/1.0/board.xml as part xcvu37p-fsvh2892-2l-e specified in board_part file is either invalid or not available
WARNING: [Board 49-26] cannot add Board Part xilinx.com:vcu129:part0:1.0 available at C:/Xilinx/Vivado/2022.2/data/xhub/boards/XilinxBoardStore/boards/Xilinx/vcu129/production/1.0/board.xml as part xcvu29p-fsga2577-2l-e specified in board_part file is either invalid or not available
WARNING: [Board 49-26] cannot add Board Part xilinx.com:vcu1525:part0:1.3 available at C:/Xilinx/Vivado/2022.2/data/xhub/boards/XilinxBoardStore/boards/Xilinx/vcu1525/1.3/board.xml as part xcvu9p-fsgd2104-2l-e specified in board_part file is either invalid or not available
WARNING: [Board 49-26] cannot add Board Part xilinx.com:vek280_es:part0:1.0 available at C:/Xilinx/Vivado/2022.2/data/xhub/boards/XilinxBoardStore/boards/Xilinx/vek280/es/1.0/board.xml as part xcve2802-vsvh1760-2lp-e-s-es1 specified in board_part file is either invalid or not available
WARNING: [Board 49-26] cannot add Board Part xilinx.com:vermeo_t1_mpsoc:part0:1.0 available at C:/Xilinx/Vivado/2022.2/data/xhub/boards/XilinxBoardStore/boards/Xilinx/vermeo_t1_mpsoc/1.0/board.xml as part xczu19eg-ffvd1760-2l-e specified in board_part file is either invalid or not available
WARNING: [Board 49-26] cannot add Board Part xilinx.com:vermeo_t1_rfsoc:part0:1.0 available at C:/Xilinx/Vivado/2022.2/data/xhub/boards/XilinxBoardStore/boards/Xilinx/vermeo_t1_rfsoc/1.0/board.xml as part xczu21dr-ffvd1156-2l-e specified in board_part file is either invalid or not available
WARNING: [Board 49-26] cannot add Board Part xilinx.com:vhk158_es:part0:1.0 available at C:/Xilinx/Vivado/2022.2/data/xhub/boards/XilinxBoardStore/boards/Xilinx/vhk158/es/1.0/board.xml as part xcvh1582-vsva3697-2mp-e-s-es1 specified in board_part file is either invalid or not available
WARNING: [Board 49-26] cannot add Board Part xilinx.com:vmk180:part0:2.2 available at C:/Xilinx/Vivado/2022.2/data/xhub/boards/XilinxBoardStore/boards/Xilinx/vmk180/production/2.2/board.xml as part xcvm1802-vsva2197-2mp-e-s specified in board_part file is either invalid or not available
WARNING: [Board 49-26] cannot add Board Part xilinx.com:vmk180:part0:3.0 available at C:/Xilinx/Vivado/2022.2/data/xhub/boards/XilinxBoardStore/boards/Xilinx/vmk180/production/3.0/board.xml as part xcvm1802-vsva2197-2mp-e-s specified in board_part file is either invalid or not available
WARNING: [Board 49-26] cannot add Board Part xilinx.com:vmk180:part0:3.1 available at C:/Xilinx/Vivado/2022.2/data/xhub/boards/XilinxBoardStore/boards/Xilinx/vmk180/production/3.1/board.xml as part xcvm1802-vsva2197-2mp-e-s specified in board_part file is either invalid or not available
WARNING: [Board 49-26] cannot add Board Part xilinx.com:vmk180_newl:part0:1.0 available at C:/Xilinx/Vivado/2022.2/data/xhub/boards/XilinxBoardStore/boards/Xilinx/vmk180_newl/production/1.0/board.xml as part xcvm1802-vsva2197-2mp-e-s specified in board_part file is either invalid or not available
WARNING: [Board 49-26] cannot add Board Part xilinx.com:vpk120:part0:1.0 available at C:/Xilinx/Vivado/2022.2/data/xhub/boards/XilinxBoardStore/boards/Xilinx/vpk120/production/1.0/board.xml as part xcvp1202-vsva2785-2mp-e-s specified in board_part file is either invalid or not available
WARNING: [Board 49-26] cannot add Board Part xilinx.com:vpk120_es:part0:1.2 available at C:/Xilinx/Vivado/2022.2/data/xhub/boards/XilinxBoardStore/boards/Xilinx/vpk120/es/1.2/board.xml as part xcvp1202-vsva2785-2mp-e-s-es1 specified in board_part file is either invalid or not available
WARNING: [Board 49-26] cannot add Board Part xilinx.com:vpk120_es_revb:part0:1.0 available at C:/Xilinx/Vivado/2022.2/data/xhub/boards/XilinxBoardStore/boards/Xilinx/vpk120_revb/es/1.0/board.xml as part xcvp1202-vsva2785-2mp-e-s-es1 specified in board_part file is either invalid or not available
WARNING: [Board 49-26] cannot add Board Part xilinx.com:vpk180_es:part0:1.0 available at C:/Xilinx/Vivado/2022.2/data/xhub/boards/XilinxBoardStore/boards/Xilinx/vpk180/es/1.0/board.xml as part xcvp1802-lsvc4072-2mp-e-s-es1 specified in board_part file is either invalid or not available
WARNING: [Board 49-26] cannot add Board Part xilinx.com:zc706:part0:1.4 available at C:/Xilinx/Vivado/2022.2/data/xhub/boards/XilinxBoardStore/boards/Xilinx/zc706/1.4/board.xml as part xc7z045ffg900-2 specified in board_part file is either invalid or not available
WARNING: [Board 49-26] cannot add Board Part xilinx.com:zcu102:part0:3.3 available at C:/Xilinx/Vivado/2022.2/data/xhub/boards/XilinxBoardStore/boards/Xilinx/zcu102/3.3/board.xml as part xczu9eg-ffvb1156-2-e specified in board_part file is either invalid or not available
WARNING: [Board 49-26] cannot add Board Part xilinx.com:zcu102:part0:3.4 available at C:/Xilinx/Vivado/2022.2/data/xhub/boards/XilinxBoardStore/boards/Xilinx/zcu102/3.4/board.xml as part xczu9eg-ffvb1156-2-e specified in board_part file is either invalid or not available
WARNING: [Board 49-26] cannot add Board Part xilinx.com:zcu111:part0:1.2 available at C:/Xilinx/Vivado/2022.2/data/xhub/boards/XilinxBoardStore/boards/Xilinx/zcu111/1.2/board.xml as part xczu28dr-ffvg1517-2-e specified in board_part file is either invalid or not available
WARNING: [Board 49-26] cannot add Board Part xilinx.com:zcu111:part0:1.3 available at C:/Xilinx/Vivado/2022.2/data/xhub/boards/XilinxBoardStore/boards/Xilinx/zcu111/1.3/board.xml as part xczu28dr-ffvg1517-2-e specified in board_part file is either invalid or not available
WARNING: [Board 49-26] cannot add Board Part xilinx.com:zcu111:part0:1.4 available at C:/Xilinx/Vivado/2022.2/data/xhub/boards/XilinxBoardStore/boards/Xilinx/zcu111/1.4/board.xml as part xczu28dr-ffvg1517-2-e specified in board_part file is either invalid or not available
WARNING: [Board 49-26] cannot add Board Part xilinx.com:zcu1275:part0:1.0 available at C:/Xilinx/Vivado/2022.2/data/xhub/boards/XilinxBoardStore/boards/Xilinx/zcu1275/1.0/board.xml as part xczu29dr-ffvf1760-2-e specified in board_part file is either invalid or not available
WARNING: [Board 49-26] cannot add Board Part xilinx.com:zcu1285:part0:1.0 available at C:/Xilinx/Vivado/2022.2/data/xhub/boards/XilinxBoardStore/boards/Xilinx/zcu1285/1.0/board.xml as part xczu39dr-ffvf1760-2-i specified in board_part file is either invalid or not available
WARNING: [Board 49-26] cannot add Board Part xilinx.com:zcu208:part0:2.0 available at C:/Xilinx/Vivado/2022.2/data/xhub/boards/XilinxBoardStore/boards/Xilinx/zcu208/production/2.0/board.xml as part xczu48dr-fsvg1517-2-e specified in board_part file is either invalid or not available
WARNING: [Board 49-26] cannot add Board Part xilinx.com:zcu208ld:part0:2.0 available at C:/Xilinx/Vivado/2022.2/data/xhub/boards/XilinxBoardStore/boards/Xilinx/zcu208ld/production/2.0/board.xml as part xczu58dr-fsvg1517-2-i specified in board_part file is either invalid or not available
WARNING: [Board 49-26] cannot add Board Part xilinx.com:zcu216:part0:2.0 available at C:/Xilinx/Vivado/2022.2/data/xhub/boards/XilinxBoardStore/boards/Xilinx/zcu216/production/2.0/board.xml as part xczu49dr-ffvf1760-2-e specified in board_part file is either invalid or not available
WARNING: [Board 49-26] cannot add Board Part xilinx.com:zcu216ld:part0:2.0 available at C:/Xilinx/Vivado/2022.2/data/xhub/boards/XilinxBoardStore/boards/Xilinx/zcu216ld/production/2.0/board.xml as part xczu59dr-ffvf1760-2-i specified in board_part file is either invalid or not available
WARNING: [Board 49-26] cannot add Board Part xilinx.com:zcu670:part0:2.0 available at C:/Xilinx/Vivado/2022.2/data/xhub/boards/XilinxBoardStore/boards/Xilinx/zcu670/2.0/board.xml as part xczu67dr-fsve1156-2-i specified in board_part file is either invalid or not available
WARNING: [Board 49-26] cannot add Board Part xilinx.com:zcu670ld:part0:1.0 available at C:/Xilinx/Vivado/2022.2/data/xhub/boards/XilinxBoardStore/boards/Xilinx/zcu670ld/1.0/board.xml as part xczu57dr-fsve1156-2-i specified in board_part file is either invalid or not available
INFO: [Project 1-313] Project file moved from 'D:/Dangelo/OneDrive/Documents/University/EENG28010/EENG28010-Group-Project/Command Processor Synth' since last save.
Scanning sources...
Finished scanning sources
INFO: [IP_Flow 19-234] Refreshing IP repositories
INFO: [IP_Flow 19-1704] No user IP repositories specified
INFO: [IP_Flow 19-2313] Loaded Vivado IP repository 'C:/Xilinx/Vivado/2022.2/data/ip'.
open_project: Time (s): cpu = 00:00:42 ; elapsed = 00:00:54 . Memory (MB): peak = 1120.008 ; gain = 274.340
update_compile_order -fileset sources_1
reset_run synth_1
INFO: [Project 1-1161] Replacing file C:/Users/dange/OneDrive/Documents/University/EENG28010/EENG28010-Group-Project/Command Processor Synth/cmdProcSynth.srcs/utils_1/imports/synth_1/top.dcp with file C:/Users/dange/OneDrive/Documents/University/EENG28010/EENG28010-Group-Project/Command Processor Synth/cmdProcSynth.runs/synth_1/top.dcp
launch_runs synth_1 -jobs 4
[Mon Apr 17 11:49:17 2023] Launched synth_1...
Run output will be captured here: C:/Users/dange/OneDrive/Documents/University/EENG28010/EENG28010-Group-Project/Command Processor Synth/cmdProcSynth.runs/synth_1/runme.log
reset_run synth_1
INFO: [Project 1-1161] Replacing file C:/Users/dange/OneDrive/Documents/University/EENG28010/EENG28010-Group-Project/Command Processor Synth/cmdProcSynth.srcs/utils_1/imports/synth_1/top.dcp with file C:/Users/dange/OneDrive/Documents/University/EENG28010/EENG28010-Group-Project/Command Processor Synth/cmdProcSynth.runs/synth_1/top.dcp
launch_runs synth_1 -jobs 4
[Mon Apr 17 11:57:36 2023] Launched synth_1...
Run output will be captured here: C:/Users/dange/OneDrive/Documents/University/EENG28010/EENG28010-Group-Project/Command Processor Synth/cmdProcSynth.runs/synth_1/runme.log
update_compile_order -fileset sources_1
reset_run synth_1
INFO: [Project 1-1161] Replacing file C:/Users/dange/OneDrive/Documents/University/EENG28010/EENG28010-Group-Project/Command Processor Synth/cmdProcSynth.srcs/utils_1/imports/synth_1/top.dcp with file C:/Users/dange/OneDrive/Documents/University/EENG28010/EENG28010-Group-Project/Command Processor Synth/cmdProcSynth.runs/synth_1/top.dcp
launch_runs synth_1 -jobs 8
CRITICAL WARNING: [HDL 9-1206] Syntax error near 'END' [C:/Users/dange/OneDrive/Documents/University/EENG28010/EENG28010-Group-Project/Command Processor Sim/Command Processor.srcs/sources_1/imports/Command Processor/cmdProc.vhd:421]
CRITICAL WARNING: [HDL 9-1206] Syntax error near 'WHEN' [C:/Users/dange/OneDrive/Documents/University/EENG28010/EENG28010-Group-Project/Command Processor Sim/Command Processor.srcs/sources_1/imports/Command Processor/cmdProc.vhd:432]
CRITICAL WARNING: [HDL 9-1206] Syntax error near 'WHEN' [C:/Users/dange/OneDrive/Documents/University/EENG28010/EENG28010-Group-Project/Command Processor Sim/Command Processor.srcs/sources_1/imports/Command Processor/cmdProc.vhd:440]
CRITICAL WARNING: [HDL 9-1206] Syntax error near 'WHEN' [C:/Users/dange/OneDrive/Documents/University/EENG28010/EENG28010-Group-Project/Command Processor Sim/Command Processor.srcs/sources_1/imports/Command Processor/cmdProc.vhd:450]
CRITICAL WARNING: [HDL 9-1206] Syntax error near 'WHEN' [C:/Users/dange/OneDrive/Documents/University/EENG28010/EENG28010-Group-Project/Command Processor Sim/Command Processor.srcs/sources_1/imports/Command Processor/cmdProc.vhd:459]
CRITICAL WARNING: [HDL 9-1206] Syntax error near 'WHEN' [C:/Users/dange/OneDrive/Documents/University/EENG28010/EENG28010-Group-Project/Command Processor Sim/Command Processor.srcs/sources_1/imports/Command Processor/cmdProc.vhd:466]
CRITICAL WARNING: [HDL 9-1206] Syntax error near 'WHEN' [C:/Users/dange/OneDrive/Documents/University/EENG28010/EENG28010-Group-Project/Command Processor Sim/Command Processor.srcs/sources_1/imports/Command Processor/cmdProc.vhd:474]
CRITICAL WARNING: [HDL 9-1206] Syntax error near 'WHEN' [C:/Users/dange/OneDrive/Documents/University/EENG28010/EENG28010-Group-Project/Command Processor Sim/Command Processor.srcs/sources_1/imports/Command Processor/cmdProc.vhd:484]
CRITICAL WARNING: [HDL 9-1206] Syntax error near 'WHEN' [C:/Users/dange/OneDrive/Documents/University/EENG28010/EENG28010-Group-Project/Command Processor Sim/Command Processor.srcs/sources_1/imports/Command Processor/cmdProc.vhd:492]
CRITICAL WARNING: [HDL 9-1206] Syntax error near 'WHEN' [C:/Users/dange/OneDrive/Documents/University/EENG28010/EENG28010-Group-Project/Command Processor Sim/Command Processor.srcs/sources_1/imports/Command Processor/cmdProc.vhd:500]
CRITICAL WARNING: [HDL 9-1206] Syntax error near 'WHEN' [C:/Users/dange/OneDrive/Documents/University/EENG28010/EENG28010-Group-Project/Command Processor Sim/Command Processor.srcs/sources_1/imports/Command Processor/cmdProc.vhd:508]
CRITICAL WARNING: [HDL 9-1206] Syntax error near 'WHEN' [C:/Users/dange/OneDrive/Documents/University/EENG28010/EENG28010-Group-Project/Command Processor Sim/Command Processor.srcs/sources_1/imports/Command Processor/cmdProc.vhd:516]
CRITICAL WARNING: [HDL 9-1206] Syntax error near 'WHEN' [C:/Users/dange/OneDrive/Documents/University/EENG28010/EENG28010-Group-Project/Command Processor Sim/Command Processor.srcs/sources_1/imports/Command Processor/cmdProc.vhd:525]
CRITICAL WARNING: [HDL 9-1206] Syntax error near 'CASE' [C:/Users/dange/OneDrive/Documents/University/EENG28010/EENG28010-Group-Project/Command Processor Sim/Command Processor.srcs/sources_1/imports/Command Processor/cmdProc.vhd:527]
[Mon Apr 17 12:24:31 2023] Launched synth_1...
Run output will be captured here: C:/Users/dange/OneDrive/Documents/University/EENG28010/EENG28010-Group-Project/Command Processor Synth/cmdProcSynth.runs/synth_1/runme.log
reset_run synth_1
WARNING: [Vivado 12-1017] Problems encountered:
1. Process appears to be on host 'ANONYMOUS-SURFA' and cannot be killed from host 'ANONYMOUS-SURFACE'

update_compile_order -fileset sources_1
launch_runs synth_1 -jobs 8
[Mon Apr 17 12:26:20 2023] Launched synth_1...
Run output will be captured here: C:/Users/dange/OneDrive/Documents/University/EENG28010/EENG28010-Group-Project/Command Processor Synth/cmdProcSynth.runs/synth_1/runme.log
reset_run synth_1
INFO: [Project 1-1161] Replacing file C:/Users/dange/OneDrive/Documents/University/EENG28010/EENG28010-Group-Project/Command Processor Synth/cmdProcSynth.srcs/utils_1/imports/synth_1/top.dcp with file C:/Users/dange/OneDrive/Documents/University/EENG28010/EENG28010-Group-Project/Command Processor Synth/cmdProcSynth.runs/synth_1/top.dcp
launch_runs synth_1 -jobs 8
[Mon Apr 17 12:29:26 2023] Launched synth_1...
Run output will be captured here: C:/Users/dange/OneDrive/Documents/University/EENG28010/EENG28010-Group-Project/Command Processor Synth/cmdProcSynth.runs/synth_1/runme.log
launch_runs impl_1 -jobs 8
[Mon Apr 17 12:33:39 2023] Launched impl_1...
Run output will be captured here: C:/Users/dange/OneDrive/Documents/University/EENG28010/EENG28010-Group-Project/Command Processor Synth/cmdProcSynth.runs/impl_1/runme.log
reset_run impl_1
WARNING: [Vivado 12-1017] Problems encountered:
1. Process appears to be on host 'ANONYMOUS-SURFA' and cannot be killed from host 'ANONYMOUS-SURFACE'

reset_run synth_1
INFO: [Project 1-1161] Replacing file C:/Users/dange/OneDrive/Documents/University/EENG28010/EENG28010-Group-Project/Command Processor Synth/cmdProcSynth.srcs/utils_1/imports/synth_1/top.dcp with file C:/Users/dange/OneDrive/Documents/University/EENG28010/EENG28010-Group-Project/Command Processor Synth/cmdProcSynth.runs/synth_1/top.dcp
launch_runs synth_1 -jobs 8
[Mon Apr 17 12:37:50 2023] Launched synth_1...
Run output will be captured here: C:/Users/dange/OneDrive/Documents/University/EENG28010/EENG28010-Group-Project/Command Processor Synth/cmdProcSynth.runs/synth_1/runme.log
reset_run synth_1
INFO: [Project 1-1161] Replacing file C:/Users/dange/OneDrive/Documents/University/EENG28010/EENG28010-Group-Project/Command Processor Synth/cmdProcSynth.srcs/utils_1/imports/synth_1/top.dcp with file C:/Users/dange/OneDrive/Documents/University/EENG28010/EENG28010-Group-Project/Command Processor Synth/cmdProcSynth.runs/synth_1/top.dcp
launch_runs synth_1 -jobs 8
[Mon Apr 17 12:46:36 2023] Launched synth_1...
Run output will be captured here: C:/Users/dange/OneDrive/Documents/University/EENG28010/EENG28010-Group-Project/Command Processor Synth/cmdProcSynth.runs/synth_1/runme.log
launch_runs impl_1 -jobs 8
[Mon Apr 17 12:49:03 2023] Launched impl_1...
Run output will be captured here: C:/Users/dange/OneDrive/Documents/University/EENG28010/EENG28010-Group-Project/Command Processor Synth/cmdProcSynth.runs/impl_1/runme.log
reset_run synth_1
INFO: [Project 1-1161] Replacing file C:/Users/dange/OneDrive/Documents/University/EENG28010/EENG28010-Group-Project/Command Processor Synth/cmdProcSynth.srcs/utils_1/imports/synth_1/top.dcp with file C:/Users/dange/OneDrive/Documents/University/EENG28010/EENG28010-Group-Project/Command Processor Synth/cmdProcSynth.runs/synth_1/top.dcp
launch_runs synth_1 -jobs 8
[Mon Apr 17 12:54:09 2023] Launched synth_1...
Run output will be captured here: C:/Users/dange/OneDrive/Documents/University/EENG28010/EENG28010-Group-Project/Command Processor Synth/cmdProcSynth.runs/synth_1/runme.log
launch_runs impl_1 -jobs 8
[Mon Apr 17 12:56:36 2023] Launched impl_1...
Run output will be captured here: C:/Users/dange/OneDrive/Documents/University/EENG28010/EENG28010-Group-Project/Command Processor Synth/cmdProcSynth.runs/impl_1/runme.log
exit
INFO: [Common 17-206] Exiting Vivado at Mon Apr 17 13:58:38 2023...
